<?xml version="1.0" encoding="utf-8"?>
<TestRun id="8dab9161-1c40-4e03-90a0-db08bffb3868" name="petar@PETAR_BISEVAC 2024-04-09 04:23:43" runUser="PETAR_BISEVAC\petar" xmlns="http://microsoft.com/schemas/VisualStudio/TeamTest/2010">
  <Times creation="2024-04-09T04:23:43.8913621+02:00" queuing="2024-04-09T04:23:43.8913623+02:00" start="2024-04-09T04:23:36.6816963+02:00" finish="2024-04-09T04:23:44.8465039+02:00" />
  <TestSettings name="default" id="8308c3b0-808c-45bc-83c4-fdeba70f8547">
    <Deployment runDeploymentRoot="petar_PETAR_BISEVAC_2024-04-09_04_23_43" />
  </TestSettings>
  <Results>
    <UnitTestResult executionId="2c62af5a-5e1a-483f-95a5-5fd8a35a2140" testId="47668998-6a88-2320-a417-4d74c757fd46" testName="Demo.FunctionalTests.Products.Queries.ProductDetailsQueryTests.ProductDetailsQueryTest_GivenValidProductId_StatusOk" computerName="PETAR_BISEVAC" duration="00:00:04.1166167" startTime="2024-04-09T04:23:43.8534339+02:00" endTime="2024-04-09T04:23:43.8534487+02:00" testType="13cdc9d9-ddb5-4fa4-a97d-d965ccfc6d4b" outcome="Passed" testListId="8c84fa94-04c1-424b-9868-57a2d4851a1d" relativeResultsDirectory="2c62af5a-5e1a-483f-95a5-5fd8a35a2140" />
    <UnitTestResult executionId="8b8605c4-89df-4f30-bf1f-de2c70bcdde6" testId="97174276-a06d-d484-617a-b7769be3bcf0" testName="Demo.FunctionalTests.Products.Queries.ProductDetailsQueryTests.ProductDetailsQueryTest_GivenProductIdAsNull_BadRequest" computerName="PETAR_BISEVAC" duration="00:00:00.0401342" startTime="2024-04-09T04:23:43.8942324+02:00" endTime="2024-04-09T04:23:43.8942328+02:00" testType="13cdc9d9-ddb5-4fa4-a97d-d965ccfc6d4b" outcome="Passed" testListId="8c84fa94-04c1-424b-9868-57a2d4851a1d" relativeResultsDirectory="8b8605c4-89df-4f30-bf1f-de2c70bcdde6" />
    <UnitTestResult executionId="6f5746cc-b6fa-4cab-a9fb-fe99b614092c" testId="f8f6f363-1326-b66b-e152-b4f8b111ce43" testName="Demo.FunctionalTests.Products.Queries.ProductDetailsQueryTests.ProductDetailsQueryTest_GivenNotExistingProductId_NotFound" computerName="PETAR_BISEVAC" duration="00:00:00.0311901" startTime="2024-04-09T04:23:43.9254736+02:00" endTime="2024-04-09T04:23:43.9254739+02:00" testType="13cdc9d9-ddb5-4fa4-a97d-d965ccfc6d4b" outcome="Passed" testListId="8c84fa94-04c1-424b-9868-57a2d4851a1d" relativeResultsDirectory="6f5746cc-b6fa-4cab-a9fb-fe99b614092c" />
  </Results>
  <TestDefinitions>
    <UnitTest name="Demo.FunctionalTests.Products.Queries.ProductDetailsQueryTests.ProductDetailsQueryTest_GivenProductIdAsNull_BadRequest" storage="c:\users\petar\documents\github\demo\demo.functionaltests\bin\release\net8.0\demo.functionaltests.dll" id="97174276-a06d-d484-617a-b7769be3bcf0">
      <Execution id="8b8605c4-89df-4f30-bf1f-de2c70bcdde6" />
      <TestMethod codeBase="C:\Users\petar\Documents\GitHub\Demo\Demo.FunctionalTests\bin\Release\net8.0\Demo.FunctionalTests.dll" adapterTypeName="executor://xunit/VsTestRunner2/netcoreapp" className="Demo.FunctionalTests.Products.Queries.ProductDetailsQueryTests" name="ProductDetailsQueryTest_GivenProductIdAsNull_BadRequest" />
    </UnitTest>
    <UnitTest name="Demo.FunctionalTests.Products.Queries.ProductDetailsQueryTests.ProductDetailsQueryTest_GivenNotExistingProductId_NotFound" storage="c:\users\petar\documents\github\demo\demo.functionaltests\bin\release\net8.0\demo.functionaltests.dll" id="f8f6f363-1326-b66b-e152-b4f8b111ce43">
      <Execution id="6f5746cc-b6fa-4cab-a9fb-fe99b614092c" />
      <TestMethod codeBase="C:\Users\petar\Documents\GitHub\Demo\Demo.FunctionalTests\bin\Release\net8.0\Demo.FunctionalTests.dll" adapterTypeName="executor://xunit/VsTestRunner2/netcoreapp" className="Demo.FunctionalTests.Products.Queries.ProductDetailsQueryTests" name="ProductDetailsQueryTest_GivenNotExistingProductId_NotFound" />
    </UnitTest>
    <UnitTest name="Demo.FunctionalTests.Products.Queries.ProductDetailsQueryTests.ProductDetailsQueryTest_GivenValidProductId_StatusOk" storage="c:\users\petar\documents\github\demo\demo.functionaltests\bin\release\net8.0\demo.functionaltests.dll" id="47668998-6a88-2320-a417-4d74c757fd46">
      <Execution id="2c62af5a-5e1a-483f-95a5-5fd8a35a2140" />
      <TestMethod codeBase="C:\Users\petar\Documents\GitHub\Demo\Demo.FunctionalTests\bin\Release\net8.0\Demo.FunctionalTests.dll" adapterTypeName="executor://xunit/VsTestRunner2/netcoreapp" className="Demo.FunctionalTests.Products.Queries.ProductDetailsQueryTests" name="ProductDetailsQueryTest_GivenValidProductId_StatusOk" />
    </UnitTest>
  </TestDefinitions>
  <TestEntries>
    <TestEntry testId="47668998-6a88-2320-a417-4d74c757fd46" executionId="2c62af5a-5e1a-483f-95a5-5fd8a35a2140" testListId="8c84fa94-04c1-424b-9868-57a2d4851a1d" />
    <TestEntry testId="97174276-a06d-d484-617a-b7769be3bcf0" executionId="8b8605c4-89df-4f30-bf1f-de2c70bcdde6" testListId="8c84fa94-04c1-424b-9868-57a2d4851a1d" />
    <TestEntry testId="f8f6f363-1326-b66b-e152-b4f8b111ce43" executionId="6f5746cc-b6fa-4cab-a9fb-fe99b614092c" testListId="8c84fa94-04c1-424b-9868-57a2d4851a1d" />
  </TestEntries>
  <TestLists>
    <TestList name="Results Not in a List" id="8c84fa94-04c1-424b-9868-57a2d4851a1d" />
    <TestList name="All Loaded Results" id="19431567-8539-422a-85d7-44ee4e166bda" />
  </TestLists>
  <ResultSummary outcome="Completed">
    <Counters total="3" executed="3" passed="3" failed="0" error="0" timeout="0" aborted="0" inconclusive="0" passedButRunAborted="0" notRunnable="0" notExecuted="0" disconnected="0" warning="0" completed="0" inProgress="0" pending="0" />
    <Output>
      <StdOut>[xUnit.net 00:00:00.00] xUnit.net VSTest Adapter v2.5.3.1+6b60a9e56a (64-bit .NET 8.0.3)&#xD;
[xUnit.net 00:00:00.31]   Discovering: Demo.FunctionalTests&#xD;
[xUnit.net 00:00:00.53]   Discovered:  Demo.FunctionalTests&#xD;
[xUnit.net 00:00:00.53]   Starting:    Demo.FunctionalTests&#xD;
[xUnit.net 00:00:04.78]   Finished:    Demo.FunctionalTests&#xD;
</StdOut>
    </Output>
    <CollectorDataEntries>
      <Collector agentName="PETAR_BISEVAC" uri="datacollector://microsoft/CoverletCodeCoverage/1.0" collectorDisplayName="XPlat code coverage">
        <UriAttachments>
          <UriAttachment>
            <A href="PETAR_BISEVAC\coverage.cobertura.xml"></A>
          </UriAttachment>
        </UriAttachments>
      </Collector>
    </CollectorDataEntries>
  </ResultSummary>
</TestRun>